<component name="libraryTable">
  <library name="junit-4.13.1-javadoc">
    <CLASSES>
      <root url="jar://E:/junit-4.13.1.jar!/" />
    </CLASSES>
    <JAVADOC>
      <root url="jar://E:/junit-4.13.1-javadoc.jar!/" />
    </JAVADOC>
    <SOURCES>
      <root url="jar://E:/hamcrest-core-1.3-sources.jar!/" />
    </SOURCES>
  </library>
</component>